0 info it worked if it ends with ok
1 verbose cli [ '/home/ubuntu/.nvm/versions/node/v4.6.1/bin/node',
1 verbose cli   '/home/ubuntu/.nvm/versions/node/v4.6.1/bin/npm',
1 verbose cli   'install' ]
2 info using npm@2.15.9
3 info using node@v4.6.1
4 verbose readDependencies loading dependencies from /home/ubuntu/workspace/public/assets/package.json
5 error install Couldn't read dependencies
6 verbose stack Error: Failed to parse json
6 verbose stack Unexpected token 'g' at 13:6
6 verbose stack     "grunt": "~0.4.5",
6 verbose stack      ^
6 verbose stack     at parseError (/home/ubuntu/.nvm/versions/node/v4.6.1/lib/node_modules/npm/node_modules/read-package-json/read-json.js:390:11)
6 verbose stack     at parseJson (/home/ubuntu/.nvm/versions/node/v4.6.1/lib/node_modules/npm/node_modules/read-package-json/read-json.js:79:23)
6 verbose stack     at /home/ubuntu/.nvm/versions/node/v4.6.1/lib/node_modules/npm/node_modules/read-package-json/read-json.js:48:5
6 verbose stack     at /home/ubuntu/.nvm/versions/node/v4.6.1/lib/node_modules/npm/node_modules/graceful-fs/graceful-fs.js:78:16
6 verbose stack     at FSReqWrap.readFileAfterClose [as oncomplete] (fs.js:380:3)
7 verbose cwd /home/ubuntu/workspace/public/assets
8 error Linux 4.8.8-c9
9 error argv "/home/ubuntu/.nvm/versions/node/v4.6.1/bin/node" "/home/ubuntu/.nvm/versions/node/v4.6.1/bin/npm" "install"
10 error node v4.6.1
11 error npm  v2.15.9
12 error file /home/ubuntu/workspace/public/assets/package.json
13 error code EJSONPARSE
14 error Failed to parse json
14 error Unexpected token 'g' at 13:6
14 error     "grunt": "~0.4.5",
14 error      ^
15 error File: /home/ubuntu/workspace/public/assets/package.json
16 error Failed to parse package.json data.
16 error package.json must be actual JSON, not just JavaScript.
16 error
16 error This is not a bug in npm.
16 error Tell the package author to fix their package.json file. JSON.parse
17 verbose exit [ 1, true ]
